2024-10-08 00:27:03 INFO  Utils:112 - [TestNG] Running:
  C:\Users\shada\OneDrive\Documents\QA Training\2024-Batch\57-Continuos Integration Part-2\OpencartV121\OpencartV121\Master.xml

2024-10-08 00:27:08 INFO  TC001_AccountRegistrationTest:15 - ***** Starting TC001_AccountRegistrationTest  ****
2024-10-08 00:27:08 INFO  TC001_AccountRegistrationTest:21 - Clicked on MyAccount Link.. 
2024-10-08 00:27:09 INFO  TC001_AccountRegistrationTest:24 - Clicked on Register Link.. 
2024-10-08 00:27:09 INFO  TC001_AccountRegistrationTest:28 - Providing customer details...
2024-10-08 00:27:11 INFO  TC001_AccountRegistrationTest:42 - Validating expected message..
2024-10-08 00:27:11 INFO  TC001_AccountRegistrationTest:47 - Test passed
2024-10-08 00:27:11 INFO  TC001_AccountRegistrationTest:56 - ***** Finished TC001_AccountRegistrationTest *****
2024-10-08 00:27:15 INFO  TC002_LoginTest:16 - ****** Startign TC_002_LoginTest *****
2024-10-08 00:27:16 INFO  TC002_LoginTest:41 - ****** Finished TC_002_LoginTest *****
2024-10-08 00:28:08 INFO  TC001_AccountRegistrationTest:15 - ***** Starting TC001_AccountRegistrationTest  ****
2024-10-08 00:28:08 INFO  TC001_AccountRegistrationTest:21 - Clicked on MyAccount Link.. 
2024-10-08 00:28:09 INFO  TC001_AccountRegistrationTest:24 - Clicked on Register Link.. 
2024-10-08 00:28:09 INFO  TC001_AccountRegistrationTest:28 - Providing customer details...
2024-10-08 00:28:11 INFO  TC001_AccountRegistrationTest:42 - Validating expected message..
2024-10-08 00:28:11 INFO  TC001_AccountRegistrationTest:47 - Test passed
2024-10-08 00:28:11 INFO  TC001_AccountRegistrationTest:56 - ***** Finished TC001_AccountRegistrationTest *****
2024-10-08 00:28:14 INFO  TC002_LoginTest:16 - ****** Startign TC_002_LoginTest *****
2024-10-08 00:28:16 INFO  TC002_LoginTest:41 - ****** Finished TC_002_LoginTest *****
2024-10-08 09:11:35 INFO  TC001_AccountRegistrationTest:15 - ***** Starting TC001_AccountRegistrationTest  ****
2024-10-08 09:11:35 INFO  TC001_AccountRegistrationTest:21 - Clicked on MyAccount Link.. 
2024-10-08 09:11:36 INFO  TC001_AccountRegistrationTest:24 - Clicked on Register Link.. 
2024-10-08 09:11:36 INFO  TC001_AccountRegistrationTest:28 - Providing customer details...
2024-10-08 09:11:37 INFO  TC001_AccountRegistrationTest:42 - Validating expected message..
2024-10-08 09:11:37 INFO  TC001_AccountRegistrationTest:47 - Test passed
2024-10-08 09:11:37 INFO  TC001_AccountRegistrationTest:56 - ***** Finished TC001_AccountRegistrationTest *****
2024-10-08 09:11:40 INFO  TC002_LoginTest:16 - ****** Startign TC_002_LoginTest *****
2024-10-08 09:14:55 INFO  TC001_AccountRegistrationTest:15 - ***** Starting TC001_AccountRegistrationTest  ****
2024-10-08 09:14:55 INFO  TC001_AccountRegistrationTest:21 - Clicked on MyAccount Link.. 
2024-10-08 09:14:56 INFO  TC001_AccountRegistrationTest:24 - Clicked on Register Link.. 
2024-10-08 09:14:56 INFO  TC001_AccountRegistrationTest:28 - Providing customer details...
2024-10-08 09:14:57 INFO  TC001_AccountRegistrationTest:42 - Validating expected message..
2024-10-08 09:14:57 INFO  TC001_AccountRegistrationTest:47 - Test passed
2024-10-08 09:14:57 INFO  TC001_AccountRegistrationTest:56 - ***** Finished TC001_AccountRegistrationTest *****
2024-10-08 09:15:00 INFO  TC002_LoginTest:16 - ****** Startign TC_002_LoginTest *****
